<?xml version="1.0" encoding="UTF-8" ?>
<testsuite tests="18" failures="0" name="ejagruti.Finsys.operations.runTest" time="0.005" errors="0" skipped="0">
  <properties>
    <property name="java.runtime.name" value="Java(TM) SE Runtime Environment"/>
    <property name="cucumber.options" value="--tags @Login"/>
    <property name="sun.boot.library.path" value="C:\Program Files\Java\jdk1.8.0_40\jre\bin"/>
    <property name="java.vm.version" value="25.40-b25"/>
    <property name="java.vm.vendor" value="Oracle Corporation"/>
    <property name="maven.multiModuleProjectDirectory" value="C:\WS_Project1_Java\ejagruti"/>
    <property name="java.vendor.url" value="http://java.oracle.com/"/>
    <property name="path.separator" value=";"/>
    <property name="guice.disable.misplaced.annotation.check" value="true"/>
    <property name="java.vm.name" value="Java HotSpot(TM) 64-Bit Server VM"/>
    <property name="file.encoding.pkg" value="sun.io"/>
    <property name="user.script" value=""/>
    <property name="user.country" value="US"/>
    <property name="sun.java.launcher" value="SUN_STANDARD"/>
    <property name="sun.os.patch.level" value=""/>
    <property name="java.vm.specification.name" value="Java Virtual Machine Specification"/>
    <property name="user.dir" value="C:\WS_Project1_Java\ejagruti"/>
    <property name="java.runtime.version" value="1.8.0_40-b26"/>
    <property name="java.awt.graphicsenv" value="sun.awt.Win32GraphicsEnvironment"/>
    <property name="java.endorsed.dirs" value="C:\Program Files\Java\jdk1.8.0_40\jre\lib\endorsed"/>
    <property name="os.arch" value="amd64"/>
    <property name="java.io.tmpdir" value="C:\Windows\TEMP\"/>
    <property name="line.separator" value="
"/>
    <property name="java.vm.specification.vendor" value="Oracle Corporation"/>
    <property name="user.variant" value=""/>
    <property name="os.name" value="Windows 8.1"/>
    <property name="classworlds.conf" value="C:\ejagruti-Automation\maven\bin\m2.conf"/>
    <property name="sun.jnu.encoding" value="Cp1252"/>
    <property name="java.library.path" value="C:\Program Files\Java\jdk1.8.0_40\bin;C:\Windows\Sun\Java\bin;C:\Windows\system32;C:\Windows;C:\ejagruti-Automation\maven/bin;C:\Program Files\Java\jdk1.8.0_40/bin;C:\Program Files\Java\jdk1.8.0_40/bin;C:\ProgramData\Oracle\Java\javapath;C:\Windows\system32;C:\Windows;C:\Windows\System32\Wbem;C:\Windows\System32\WindowsPowerShell\v1.0\;C:\ejagruti-Automation\maven\bin;C:\Windows\system32\config\systemprofile\AppData\Local\Microsoft\WindowsApps;."/>
    <property name="java.specification.name" value="Java Platform API Specification"/>
    <property name="java.class.version" value="52.0"/>
    <property name="sun.management.compiler" value="HotSpot 64-Bit Tiered Compilers"/>
    <property name="os.version" value="6.3"/>
    <property name="user.home" value="C:\Windows\system32\config\systemprofile"/>
    <property name="user.timezone" value="Asia/Calcutta"/>
    <property name="java.awt.printerjob" value="sun.awt.windows.WPrinterJob"/>
    <property name="java.specification.version" value="1.8"/>
    <property name="file.encoding" value="Cp1252"/>
    <property name="user.name" value="DESKTOP-F3RAK4S$"/>
    <property name="java.class.path" value="C:\ejagruti-Automation\maven\boot\plexus-classworlds-2.5.2.jar"/>
    <property name="java.vm.specification.version" value="1.8"/>
    <property name="sun.arch.data.model" value="64"/>
    <property name="java.home" value="C:\Program Files\Java\jdk1.8.0_40\jre"/>
    <property name="sun.java.command" value="org.codehaus.plexus.classworlds.launcher.Launcher test -Dcucumber.options=--tags @Login"/>
    <property name="java.specification.vendor" value="Oracle Corporation"/>
    <property name="user.language" value="en"/>
    <property name="awt.toolkit" value="sun.awt.windows.WToolkit"/>
    <property name="java.vm.info" value="mixed mode"/>
    <property name="java.version" value="1.8.0_40"/>
    <property name="java.ext.dirs" value="C:\Program Files\Java\jdk1.8.0_40\jre\lib\ext;C:\Windows\Sun\Java\lib\ext"/>
    <property name="sun.boot.class.path" value="C:\Program Files\Java\jdk1.8.0_40\jre\lib\resources.jar;C:\Program Files\Java\jdk1.8.0_40\jre\lib\rt.jar;C:\Program Files\Java\jdk1.8.0_40\jre\lib\sunrsasign.jar;C:\Program Files\Java\jdk1.8.0_40\jre\lib\jsse.jar;C:\Program Files\Java\jdk1.8.0_40\jre\lib\jce.jar;C:\Program Files\Java\jdk1.8.0_40\jre\lib\charsets.jar;C:\Program Files\Java\jdk1.8.0_40\jre\lib\jfr.jar;C:\Program Files\Java\jdk1.8.0_40\jre\classes"/>
    <property name="java.vendor" value="Oracle Corporation"/>
    <property name="maven.home" value="C:\ejagruti-Automation\maven"/>
    <property name="file.separator" value="\"/>
    <property name="java.vendor.url.bug" value="http://bugreport.sun.com/bugreport/"/>
    <property name="sun.cpu.endian" value="little"/>
    <property name="sun.io.unicode.encoding" value="UnicodeLittle"/>
    <property name="sun.desktop" value="windows"/>
    <property name="sun.cpu.isalist" value="amd64"/>
  </properties>
  <testcase classname="Scenario: Login Functionality for valid username and password" name="When User opens the Chrome browser" time="0.004"/>
  <testcase classname="Scenario: Login Functionality for valid username and password" name="And User enters the URL &quot;http://server:90/finsys/login.html&quot;" time="0"/>
  <testcase classname="Scenario: Login Functionality for valid username and password" name="Given User is on the applications &quot;Login to SBDC&quot; page" time="0"/>
  <testcase classname="Scenario: Login Functionality for valid username and password" name="When user enters &quot;dummyfm&quot; as username" time="0"/>
  <testcase classname="Scenario: Login Functionality for valid username and password" name="And user enters &quot;passw0rd&quot; as password" time="0"/>
  <testcase classname="Scenario: Login Functionality for valid username and password" name="And user clicks on login button" time="0"/>
  <testcase classname="Scenario: Login Functionality for valid username and password" name="Then user is on the applications home page" time="0"/>
  <testcase classname="Scenario: Login Functionality for valid username and password" name="And user gets the message starting with &quot;Welcome&quot; on the top" time="0"/>
  <testcase classname="Scenario: Login Functionality for valid username and password" name="Scenario: Login Functionality for valid username and password" time="0.001"/>
  <testcase classname="Scenario: Login Functionality for Invalid username and password" name="When User opens the Chrome browser" time="0"/>
  <testcase classname="Scenario: Login Functionality for Invalid username and password" name="And User enters the URL &quot;http://server:90/finsys/login.html&quot;" time="0"/>
  <testcase classname="Scenario: Login Functionality for Invalid username and password" name="Given User is on the applications &quot;Login to SBDC&quot; page" time="0"/>
  <testcase classname="Scenario: Login Functionality for Invalid username and password" name="When user enters &quot;dummy&quot; as username" time="0"/>
  <testcase classname="Scenario: Login Functionality for Invalid username and password" name="And user enters &quot;passwd&quot; as password" time="0"/>
  <testcase classname="Scenario: Login Functionality for Invalid username and password" name="And user clicks on login button" time="0"/>
  <testcase classname="Scenario: Login Functionality for Invalid username and password" name="Then user is on the application Login page with Error message" time="0"/>
  <testcase classname="Scenario: Login Functionality for Invalid username and password" name="And User gets the Error message &quot;Please Enter Valid Username or Password!!!&quot; at the bottom" time="0"/>
  <testcase classname="Scenario: Login Functionality for Invalid username and password" name="Scenario: Login Functionality for Invalid username and password" time="0"/>
</testsuite>